<?xml version="1.0" encoding="UTF-8"?>
<!-- Generated by org.testng.reporters.JUnitXMLReporter -->
<testsuite ignored="15" hostname="PTCMKCE000321" failures="0" tests="1" name="File A Leave_Submit All Populated Required Fields" time="45.72" errors="0" timestamp="2022-12-13T15:11:52 PST">
  <testcase classname="test.TimeTracker_FileALeave" name="FileALeaveCloseButton" time="43.538"/>
  <testcase classname="test.TimeTracker_FileALeave" name="RunningAndProjectedLeaveBalancesAreVisible" time="0.0">
    <ignored/>
  </testcase> <!-- RunningAndProjectedLeaveBalancesAreVisible -->
  <testcase classname="test.TimeTracker_FileALeave" name="CommentTextBoxAcceptsText" time="0.0">
    <ignored/>
  </testcase> <!-- CommentTextBoxAcceptsText -->
  <testcase classname="test.TimeTracker_FileALeave" name="SubmitOnePopulatedRequiredField" time="0.0">
    <ignored/>
  </testcase> <!-- SubmitOnePopulatedRequiredField -->
  <testcase classname="test.TimeTracker_FileALeave" name="SubmitAllPopulatedRequiredFieldsNotEnoughBalance" time="0.0">
    <ignored/>
  </testcase> <!-- SubmitAllPopulatedRequiredFieldsNotEnoughBalance -->
  <testcase classname="test.TimeTracker_FileALeave" name="DateAppliedIsEqualToCurrentDate" time="0.0">
    <ignored/>
  </testcase> <!-- DateAppliedIsEqualToCurrentDate -->
  <testcase classname="test.TimeTracker_FileALeave" name="LeaveTypesAreSelectable" time="0.0">
    <ignored/>
  </testcase> <!-- LeaveTypesAreSelectable -->
  <testcase classname="test.TimeTracker_FileALeave" name="LeaveStartAndEndDatesAreVisible" time="0.0">
    <ignored/>
  </testcase> <!-- LeaveStartAndEndDatesAreVisible -->
  <testcase classname="test.TimeTracker_FileALeave" name="SubmitThreePopulatedRequiredFields" time="0.0">
    <ignored/>
  </testcase> <!-- SubmitThreePopulatedRequiredFields -->
  <testcase classname="test.TimeTracker_FileALeave" name="SubmitAllPopulatedRequiredFields" time="0.0">
    <ignored/>
  </testcase> <!-- SubmitAllPopulatedRequiredFields -->
  <testcase classname="test.TimeTracker_FileALeave" name="HalfDayCheckboxIsClickable" time="0.0">
    <ignored/>
  </testcase> <!-- HalfDayCheckboxIsClickable -->
  <testcase classname="test.TimeTracker_FileALeave" name="SubmitTwoPopulatedRequiredFields" time="0.0">
    <ignored/>
  </testcase> <!-- SubmitTwoPopulatedRequiredFields -->
  <testcase classname="test.TimeTracker_FileALeave" name="SubmitAllEmptyFields" time="0.0">
    <ignored/>
  </testcase> <!-- SubmitAllEmptyFields -->
  <testcase classname="test.TimeTracker_FileALeave" name="ContactNumberFieldAcceptsText" time="0.0">
    <ignored/>
  </testcase> <!-- ContactNumberFieldAcceptsText -->
  <testcase classname="test.TimeTracker_FileALeave" name="ReasonsAreSelectable" time="0.0">
    <ignored/>
  </testcase> <!-- ReasonsAreSelectable -->
  <testcase classname="test.TimeTracker_FileALeave" name="FileALeaveBtnsAreActive" time="0.0">
    <ignored/>
  </testcase> <!-- FileALeaveBtnsAreActive -->
</testsuite> <!-- File A Leave_Submit All Populated Required Fields -->
