<?xml version="1.0" encoding="UTF-8"?>
<!-- Generated by org.testng.reporters.JUnitXMLReporter -->
<testsuite ignored="0" hostname="PTCMKCE000321" failures="0" tests="5" name="Login Test Scripts" time="93.235" errors="0" timestamp="2022-12-19T14:06:33 PST">
  <testcase classname="test.Whiz.Login.TC001_Login_ValidUsernameAndPassword" name="ValidUsernameAndPassword" time="26.388"/>
  <testcase classname="test.Whiz.Login.TC002_Login_InvalidUsernameAndValidPassword" name="InvalidUsernameAndValidPassword" time="7.016"/>
  <testcase classname="test.Whiz.Login.TC003_Login_ValidUsernameAndInvalidPassword" name="ValidUsernameAndInvalidPassword" time="6.674"/>
  <testcase classname="test.Whiz.Login.TC004_Login_InvalidUsernameAndPassword" name="InvalidUsernameAndPassword" time="6.621"/>
  <testcase classname="test.Whiz.Login.TC005_Login_NullUsernameAndPassword" name="NullUsernameAndPassword" time="7.637"/>
</testsuite> <!-- Login Test Scripts -->
