<?xml version="1.0" encoding="UTF-8"?>
<!-- Generated by org.testng.reporters.JUnitXMLReporter -->
<testsuite ignored="4" hostname="PTCMKCE000321" failures="0" tests="1" name="Login_Null Username and Password" time="3.255" errors="0" timestamp="2022-12-12T18:17:57 PST">
  <testcase classname="test.TimeTracker_Login" name="NullUsernameAndPassword" time="2.169"/>
  <testcase classname="test.TimeTracker_Login" name="ValidUsernameAndPassword" time="0.0">
    <ignored/>
  </testcase> <!-- ValidUsernameAndPassword -->
  <testcase classname="test.TimeTracker_Login" name="InvalidUsernameAndPassword" time="0.0">
    <ignored/>
  </testcase> <!-- InvalidUsernameAndPassword -->
  <testcase classname="test.TimeTracker_Login" name="InvalidUsernameAndValidPassword" time="0.0">
    <ignored/>
  </testcase> <!-- InvalidUsernameAndValidPassword -->
  <testcase classname="test.TimeTracker_Login" name="ValidUsernameAndInvalidPassword" time="0.0">
    <ignored/>
  </testcase> <!-- ValidUsernameAndInvalidPassword -->
</testsuite> <!-- Login_Null Username and Password -->
