<?xml version="1.0" encoding="UTF-8"?>
<!-- Generated by org.testng.reporters.JUnitXMLReporter -->
<testsuite ignored="0" hostname="PTCMKCE000321" failures="0" tests="4" name="Remove Time Logs" time="270.581" errors="0" timestamp="2022-12-02T08:43:05 PST">
  <testcase classname="test.TC2_Enter_Time_Logs" name="Enter_Time_Logs" time="77.035"/>
  <testcase classname="test.TC3_Enter_Work_Hours" name="Enter_Work_Hours" time="84.152"/>
  <testcase classname="test.TC6_Remove_Time_Log_Details" name="Remove_Time_Log_Details" time="46.971"/>
  <testcase classname="test.TC7_Remove_Work_Hours_Details" name="Remove_Work_Hours_Details" time="53.874"/>
</testsuite> <!-- Remove Time Logs -->
