<?xml version="1.0" encoding="UTF-8"?>
<!-- Generated by org.testng.reporters.JUnitXMLReporter -->
<testsuite ignored="0" hostname="PTCMKCE000321" failures="0" tests="4" name="Test" time="175.137" errors="0" timestamp="2022-12-02T11:44:01 PST">
  <testcase classname="test.TimeLogs.TC8_Enter_Time_Logs_TimeIn_and_TimeOut_Week1" name="Enter_Time_Logs" time="44.554"/>
  <testcase classname="test.TimeLogs.TC9_Enter_Time_Logs_TimeIn_and_TimeOut_Week2" name="Enter_Time_Logs" time="45.573"/>
  <testcase classname="test.TimeLogs.TC10_Enter_Time_Logs_TimeIn_and_TimeOut_Week3" name="Enter_Time_Logs" time="29.577"/>
  <testcase classname="test.TimeLogs.TC11_Enter_Time_Logs_TimeIn_and_TimeOut_Week4" name="Enter_Time_Logs" time="46.974"/>
</testsuite> <!-- Test -->
