<?xml version="1.0" encoding="UTF-8"?>
<!-- Generated by org.testng.reporters.JUnitXMLReporter -->
<testsuite ignored="0" hostname="DESKTOP-680KUMP" failures="1" tests="1" name="Test1" time="17.5" errors="0" timestamp="2022-07-01T13:21:22 PST">
  <testcase classname="test.TC1_DMS_Tricentis_Login_Static" name="test" time="3.818">
    <failure type="java.lang.IllegalArgumentException" message="Keys to send should be a not null CharSequence">
      <![CDATA[java.lang.IllegalArgumentException: Keys to send should be a not null CharSequence
at org.openqa.selenium.remote.RemoteWebElement.sendKeys(RemoteWebElement.java:94)
at userHelper.UserHelper.sendKeys(UserHelper.java:79)
at pageObjects.DMS_Activity.DMS_Tricentis_LoginPage.setUsername(DMS_Tricentis_LoginPage.java:32)
at test.TC1_DMS_Tricentis_Login_Static.test(TC1_DMS_Tricentis_Login_Static.java:33)
at java.base/java.util.ArrayList.forEach(ArrayList.java:1511)
... Removed 27 stack frames]]>
    </failure>
  </testcase> <!-- test -->
</testsuite> <!-- Test1 -->
