<?xml version="1.0" encoding="UTF-8"?>
<!-- Generated by org.testng.reporters.JUnitXMLReporter -->
<testsuite ignored="0" hostname="PTCMKCE000321" failures="0" tests="3" name="Timesheet Entry Test Scripts" time="246.998" errors="0" timestamp="2022-12-19T14:01:09 PST">
  <testcase classname="test.Whiz.Timesheet_Entry.TC001_Timesheet_Entry_CreateTask" name="createTask" time="48.441"/>
  <testcase classname="test.Whiz.Timesheet_Entry.TC003_Timesheet_Entry_QuickEntry_WeeklySingleTask" name="quickEntry" time="131.805"/>
  <testcase classname="test.Whiz.Timesheet_Entry.TC004_Timesheet_Entry_SubmitTimesheet" name="submitTimesheet" time="43.388"/>
</testsuite> <!-- Timesheet Entry Test Scripts -->
